<?xml version="1.0" encoding="UTF-8"?>
<!-- Generated by org.testng.reporters.JUnitReportReporter -->
<testsuite hostname="DESKTOP-3RHQS1L" failures="0" tests="1" name="TestNG_SequentialExecution.Amazon_TestNG" time="9.156" errors="0" timestamp="2023-08-31T11:21:32 IST" skipped="0">
  <testcase classname="TestNG_SequentialExecution.Amazon_TestNG" name="amazon" time="9.156"/>
  <system-out/>
</testsuite> <!-- TestNG_SequentialExecution.Amazon_TestNG -->
