<?xml version="1.0" encoding="UTF-8"?>
<!-- Generated by org.testng.reporters.JUnitReportReporter -->
<testsuite hostname="DESKTOP-3RHQS1L" failures="0" tests="1" name="TestNG_Groups.sample1" time="0.006" errors="0" timestamp="2023-09-01T10:28:05 IST" skipped="0">
  <testcase classname="TestNG_Groups.sample1" name="sample2" time="0.006"/>
  <system-out/>
</testsuite> <!-- TestNG_Groups.sample1 -->
