<?xml version="1.0" encoding="UTF-8"?>
<!-- Generated by org.testng.reporters.JUnitReportReporter -->
<testsuite hostname="DESKTOP-3RHQS1L" failures="0" tests="2" name="TestNG_Annotation.Annotations" time="44.871" errors="0" timestamp="2023-09-01T11:49:39 IST" skipped="0">
  <testcase classname="TestNG_Annotation.Annotations" name="fbBrowser" time="20.465"/>
  <system-out/>
  <testcase classname="TestNG_Annotation.Annotations" name="amazon" time="24.406"/>
  <system-out/>
</testsuite> <!-- TestNG_Annotation.Annotations -->
