<?xml version="1.0" encoding="UTF-8"?>
<!-- Generated by org.testng.reporters.JUnitReportReporter -->
<testsuite hostname="DESKTOP-3RHQS1L" failures="0" tests="1" name="TestNG_SequentialExecution.Facebook_testNG" time="14.585" errors="0" timestamp="2023-08-31T11:21:32 IST" skipped="0">
  <testcase classname="TestNG_SequentialExecution.Facebook_testNG" name="fb" time="14.585"/>
  <system-out/>
</testsuite> <!-- TestNG_SequentialExecution.Facebook_testNG -->
