<?xml version="1.0" encoding="UTF-8"?>
<!-- Generated by org.testng.reporters.JUnitReportReporter -->
<testsuite hostname="DESKTOP-3RHQS1L" failures="0" tests="2" name="TestNG_Distribution.TestNG_CrossBrowser" time="49.482" errors="0" timestamp="2023-09-01T11:17:32 IST" skipped="0">
  <testcase classname="TestNG_Distribution.TestNG_CrossBrowser" name="crossBrowser" time="29.720"/>
  <system-out/>
  <testcase classname="TestNG_Distribution.TestNG_CrossBrowser" name="crossBrowser" time="19.762"/>
  <system-out/>
</testsuite> <!-- TestNG_Distribution.TestNG_CrossBrowser -->
