<?xml version="1.0" encoding="UTF-8"?>
<!-- Generated by org.testng.reporters.JUnitReportReporter -->
<testsuite hostname="DESKTOP-3RHQS1L" failures="0" tests="1" name="TestNG_Groups.sample2" time="0.041" errors="0" timestamp="2023-09-01T10:28:05 IST" skipped="0">
  <testcase classname="TestNG_Groups.sample2" name="sample2" time="0.041"/>
  <system-out/>
</testsuite> <!-- TestNG_Groups.sample2 -->
