<?xml version="1.0" encoding="UTF-8"?>
<!-- Generated by org.testng.reporters.JUnitReportReporter -->
<testsuite hostname="DESKTOP-3RHQS1L" failures="0" tests="1" name="TestNG_Distribution.Amazon_TestNG" time="12.420" errors="0" timestamp="2023-09-01T10:49:04 IST" skipped="0">
  <testcase classname="TestNG_Distribution.Amazon_TestNG" name="amazon" time="12.420"/>
  <system-out/>
</testsuite> <!-- TestNG_Distribution.Amazon_TestNG -->
