<?xml version="1.0" encoding="UTF-8"?>
<!-- Generated by org.testng.reporters.JUnitReportReporter -->
<testsuite hostname="DESKTOP-3RHQS1L" failures="0" tests="5" name="TestNG.prioritty_Invocation" time="0.016" errors="0" timestamp="2023-08-31T11:00:04 IST" skipped="1">
  <testcase classname="TestNG.prioritty_Invocation" name="demo1" time="0.012"/>
  <system-out/>
  <testcase classname="TestNG.prioritty_Invocation" name="demo3" time="0.002"/>
  <system-out/>
  <testcase classname="TestNG.prioritty_Invocation" name="demo1" time="0.001"/>
  <system-out/>
  <testcase classname="TestNG.prioritty_Invocation" name="demo3" time="0.001"/>
  <system-out/>
  <testcase classname="TestNG.prioritty_Invocation" name="demo2">
    <skipped/>
  </testcase> <!-- demo2 -->
  <system-out/>
</testsuite> <!-- TestNG.prioritty_Invocation -->
