<?xml version="1.0" encoding="UTF-8"?>
<!-- Generated by org.testng.reporters.JUnitReportReporter -->
<testsuite hostname="DESKTOP-3RHQS1L" failures="0" tests="3" name="TestNG.DataProvider" time="30.423" errors="0" timestamp="2023-09-02T11:24:40 IST" skipped="0">
  <testcase classname="TestNG.DataProvider" name="demo" time="9.279"/>
  <system-out/>
  <testcase classname="TestNG.DataProvider" name="demo" time="10.649"/>
  <system-out/>
  <testcase classname="TestNG.DataProvider" name="demo" time="10.495"/>
  <system-out/>
</testsuite> <!-- TestNG.DataProvider -->
