<?xml version="1.0" encoding="UTF-8"?>
<!-- Generated by org.testng.reporters.JUnitReportReporter -->
<testsuite hostname="DESKTOP-3RHQS1L" failures="0" tests="1" name="TestNG.TestNG_Assertion" time="178.777" errors="0" timestamp="2023-09-02T11:32:44 IST" skipped="0">
  <testcase classname="TestNG.TestNG_Assertion" name="assertions" time="178.777"/>
  <system-out/>
</testsuite> <!-- TestNG.TestNG_Assertion -->
