<?xml version="1.0" encoding="UTF-8"?>
<!-- Generated by org.testng.reporters.JUnitReportReporter -->
<testsuite hostname="DESKTOP-3RHQS1L" failures="0" tests="1" name="TestNG_Distribution.Facebook_testNG" time="9.076" errors="0" timestamp="2023-09-01T10:49:04 IST" skipped="0">
  <testcase classname="TestNG_Distribution.Facebook_testNG" name="fb" time="9.076"/>
  <system-out/>
</testsuite> <!-- TestNG_Distribution.Facebook_testNG -->
